[28-Apr-2023 05:38:57 Europe/Berlin] start app
[28-Apr-2023 05:44:30 Europe/Berlin] start api
[28-Apr-2023 05:45:00 Europe/Berlin] start api
[28-Apr-2023 05:45:14 Europe/Berlin] start api
[28-Apr-2023 05:46:07 Europe/Berlin] start api
[28-Apr-2023 05:48:41 Europe/Berlin] start api
[28-Apr-2023 05:48:41 Europe/Berlin] PHP Warning:  Array to string conversion in C:\xampp\htdocs\PHP-API\routes\routes.php on line 7
[28-Apr-2023 05:49:13 Europe/Berlin] start api
[28-Apr-2023 05:49:13 Europe/Berlin] PHP Warning:  Array to string conversion in C:\xampp\htdocs\PHP-API\routes\routes.php on line 6
[28-Apr-2023 05:49:45 Europe/Berlin] start api
[28-Apr-2023 05:51:14 Europe/Berlin] start api
[28-Apr-2023 05:52:59 Europe/Berlin] start api
[28-Apr-2023 05:53:26 Europe/Berlin] start api
[28-Apr-2023 05:54:40 Europe/Berlin] start api
[28-Apr-2023 05:54:51 Europe/Berlin] start api
[28-Apr-2023 05:56:57 Europe/Berlin] start api
[28-Apr-2023 05:56:57 Europe/Berlin] PHP Warning:  Undefined variable $json in C:\xampp\htdocs\PHP-API\routes\routes.php on line 12
[28-Apr-2023 05:56:57 Europe/Berlin] PHP Warning:  Trying to access array offset on value of type null in C:\xampp\htdocs\PHP-API\routes\routes.php on line 12
[28-Apr-2023 05:56:57 Europe/Berlin] PHP Deprecated:  http_response_code(): Passing null to parameter #1 ($response_code) of type int is deprecated in C:\xampp\htdocs\PHP-API\routes\routes.php on line 12
[28-Apr-2023 05:57:11 Europe/Berlin] start api
[28-Apr-2023 05:57:35 Europe/Berlin] start api
[28-Apr-2023 05:57:42 Europe/Berlin] start api
[28-Apr-2023 05:57:47 Europe/Berlin] start api
[28-Apr-2023 05:57:50 Europe/Berlin] start api
[28-Apr-2023 05:58:31 Europe/Berlin] start api
[28-Apr-2023 05:58:35 Europe/Berlin] start api
